Application/build/intermediates/manifest_merge_blame_file/debug/manifest-merger-blame-debug-report.txt
1<?xml version="1.0" encoding="utf-8"?>
2<!--
3 Copyright 2013 The Android Open Source Project
4
5 Licensed under the Apache License, Version 2.0 (the "License");
6 you may not use this file except in compliance with the License.
7 You may obtain a copy of the License at
8
9     http://www.apache.org/licenses/LICENSE-2.0
10
11 Unless required by applicable law or agreed to in writing, software
12 distributed under the License is distributed on an "AS IS" BASIS,
13 WITHOUT WARRANTIES OR CONDITIONS OF ANY KIND, either express or implied.
14 See the License for the specific language governing permissions and
15 limitations under the License.
16-->
17<manifest xmlns:android="http://schemas.android.com/apk/res/android"
18    package="com.example.android.bluetoothadvertisements"
19    android:versionCode="1"
20    android:versionName="1.0" >
21
22    <uses-sdk
23        android:minSdkVersion="29"
23-->src\main\AndroidManifest.xml
24        android:targetSdkVersion="30" />
24-->src\main\AndroidManifest.xml
25
26    <!-- Play store filtering for BLE. Required: true(mandatory) or false(preferred) -->
27    <uses-feature
27-->src\main\AndroidManifest.xml:23:5-25:36
28        android:name="android.hardware.bluetooth_le"
28-->src\main\AndroidManifest.xml:24:9-53
29        android:required="false" />
29-->src\main\AndroidManifest.xml:25:9-33
30    <uses-feature
30-->src\main\AndroidManifest.xml:26:5-28:36
31        android:name="android.hardware.location"
31-->src\main\AndroidManifest.xml:27:9-49
32        android:required="false" />
32-->src\main\AndroidManifest.xml:28:9-33
33
34    <uses-permission android:name="android.permission.ACCESS_WIFI_STATE" />
34-->src\main\AndroidManifest.xml:30:5-76
34-->src\main\AndroidManifest.xml:30:22-73
35    <uses-permission android:name="android.permission.ACCESS_NETWORK_STATE" />
35-->src\main\AndroidManifest.xml:31:5-79
35-->src\main\AndroidManifest.xml:31:22-76
36    <uses-permission android:name="android.permission.BLUETOOTH_ADMIN" />
36-->src\main\AndroidManifest.xml:32:5-74
36-->src\main\AndroidManifest.xml:32:22-71
37    <uses-permission android:name="android.permission.BLUETOOTH" />
37-->src\main\AndroidManifest.xml:33:5-68
37-->src\main\AndroidManifest.xml:33:22-65
38    <uses-permission android:name="android.permission.INTERNET" />
38-->src\main\AndroidManifest.xml:34:5-67
38-->src\main\AndroidManifest.xml:34:22-64
39    <uses-permission android:name="android.permission.ACCESS_FINE_LOCATION" />
39-->src\main\AndroidManifest.xml:35:5-79
39-->src\main\AndroidManifest.xml:35:22-76
40    <uses-permission android:name="android.permission.ACCESS_COARSE_LOCATION " />
40-->src\main\AndroidManifest.xml:36:5-82
40-->src\main\AndroidManifest.xml:36:22-79
41    <uses-permission android:name="android.permission.FOREGROUND_SERVICE" />
41-->src\main\AndroidManifest.xml:37:5-77
41-->src\main\AndroidManifest.xml:37:22-74
42    <uses-permission android:name="android.permission.WAKE_LOCK" />
42-->src\main\AndroidManifest.xml:38:5-68
42-->src\main\AndroidManifest.xml:38:22-65
43    <uses-permission android:name="android.permission.RECEIVE_BOOT_COMPLETED" />
43-->src\main\AndroidManifest.xml:39:5-81
43-->src\main\AndroidManifest.xml:39:22-78
44    <uses-permission android:name="android.permission.ACCESS_BACKGROUND_LOCATION" />
44-->src\main\AndroidManifest.xml:40:5-85
44-->src\main\AndroidManifest.xml:40:22-82
45    <uses-permission android:name="android.permission.ACCESS_COARSE_LOCATION" />
45-->[libsdk-core-1.1.4.aar] AndroidManifest.xml:16:5-81
45-->[libsdk-core-1.1.4.aar] AndroidManifest.xml:16:22-78
46    <uses-permission android:name="com.google.android.providers.gsf.permission.READ_GSERVICES" />
46-->[io.nlopez.smartlocation:library:3.3.3] AndroidManifest.xml:15:5-98
46-->[io.nlopez.smartlocation:library:3.3.3] AndroidManifest.xml:15:22-95
47    <uses-permission android:name="com.google.android.gms.permission.ACTIVITY_RECOGNITION" />
47-->[io.nlopez.smartlocation:library:3.3.3] AndroidManifest.xml:16:5-94
47-->[io.nlopez.smartlocation:library:3.3.3] AndroidManifest.xml:16:22-91
48
49    <application
49-->src\main\AndroidManifest.xml:42:5-58:19
50        android:allowBackup="true"
50-->src\main\AndroidManifest.xml:43:9-35
51        android:appComponentFactory="androidx.core.app.CoreComponentFactory"
51-->[androidx.core:core:1.5.0] AndroidManifest.xml:24:18-86
52        android:debuggable="true"
53        android:extractNativeLibs="false"
54        android:icon="@drawable/ic_launcher"
54-->src\main\AndroidManifest.xml:44:9-45
55        android:label="@string/app_name"
55-->src\main\AndroidManifest.xml:45:9-41
56        android:supportsRtl="true"
56-->[nodlesdk-background-1.1.4.aar] AndroidManifest.xml:15:9-35
57        android:testOnly="true"
58        android:theme="@style/AppTheme" >
58-->src\main\AndroidManifest.xml:46:9-40
59        <activity
59-->src\main\AndroidManifest.xml:47:9-54:20
60            android:name="com.example.android.bluetoothadvertisements.MainActivity"
60-->src\main\AndroidManifest.xml:48:13-41
61            android:label="@string/app_name" >
61-->src\main\AndroidManifest.xml:49:13-45
62            <intent-filter>
62-->src\main\AndroidManifest.xml:50:13-53:29
63                <action android:name="android.intent.action.MAIN" />
63-->src\main\AndroidManifest.xml:51:17-69
63-->src\main\AndroidManifest.xml:51:25-66
64
65                <category android:name="android.intent.category.LAUNCHER" />
65-->src\main\AndroidManifest.xml:52:17-77
65-->src\main\AndroidManifest.xml:52:27-74
66            </intent-filter>
67        </activity>
68
69        <!--
70             Service to handle BLE Advertising - Using a service allows advertising to continue
71             when the app is no longer on screen in a reliable manner.
72        -->
73        <meta-data
73-->[libsdk-core-1.1.4.aar] AndroidManifest.xml:21:9-23:66
74            android:name="plugin$$NodleModularCore"
74-->[libsdk-core-1.1.4.aar] AndroidManifest.xml:22:13-52
75            android:value="io.nodle.sdk.core.NodleModularCore" />
75-->[libsdk-core-1.1.4.aar] AndroidManifest.xml:23:13-63
76
77        <activity
77-->[com.vanniktech:rxpermission:0.7.0] AndroidManifest.xml:10:9-13:70
78            android:name="com.vanniktech.rxpermission.ShadowActivity"
78-->[com.vanniktech:rxpermission:0.7.0] AndroidManifest.xml:11:13-70
79            android:launchMode="singleTop"
79-->[com.vanniktech:rxpermission:0.7.0] AndroidManifest.xml:12:13-43
80            android:theme="@style/RxPermissionShadowActivityTheme" />
80-->[com.vanniktech:rxpermission:0.7.0] AndroidManifest.xml:13:13-67
81
82        <service
82-->[io.nlopez.smartlocation:library:3.3.3] AndroidManifest.xml:19:9-21:40
83            android:name="io.nlopez.smartlocation.activity.providers.ActivityGooglePlayServicesProvider$ActivityRecognitionService"
83-->[io.nlopez.smartlocation:library:3.3.3] AndroidManifest.xml:20:13-132
84            android:exported="false" />
84-->[io.nlopez.smartlocation:library:3.3.3] AndroidManifest.xml:21:13-37
85        <service
85-->[io.nlopez.smartlocation:library:3.3.3] AndroidManifest.xml:22:9-24:40
86            android:name="io.nlopez.smartlocation.geofencing.providers.GeofencingGooglePlayServicesProvider$GeofencingService"
86-->[io.nlopez.smartlocation:library:3.3.3] AndroidManifest.xml:23:13-127
87            android:exported="false" />
87-->[io.nlopez.smartlocation:library:3.3.3] AndroidManifest.xml:24:13-37
88        <service
88-->[io.nlopez.smartlocation:library:3.3.3] AndroidManifest.xml:25:9-27:40
89            android:name="io.nlopez.smartlocation.geocoding.providers.AndroidGeocodingProvider$AndroidGeocodingService"
89-->[io.nlopez.smartlocation:library:3.3.3] AndroidManifest.xml:26:13-120
90            android:exported="false" />
90-->[io.nlopez.smartlocation:library:3.3.3] AndroidManifest.xml:27:13-37
91
92        <activity
92-->[com.google.android.gms:play-services-base:11.4.2] AndroidManifest.xml:19:9-172
93            android:name="com.google.android.gms.common.api.GoogleApiActivity"
93-->[com.google.android.gms:play-services-base:11.4.2] AndroidManifest.xml:19:19-85
94            android:exported="false"
94-->[com.google.android.gms:play-services-base:11.4.2] AndroidManifest.xml:19:146-170
95            android:theme="@android:style/Theme.Translucent.NoTitleBar" />
95-->[com.google.android.gms:play-services-base:11.4.2] AndroidManifest.xml:19:86-145
96
97        <meta-data
97-->[com.google.android.gms:play-services-basement:11.4.2] AndroidManifest.xml:20:9-121
98            android:name="com.google.android.gms.version"
98-->[com.google.android.gms:play-services-basement:11.4.2] AndroidManifest.xml:20:20-65
99            android:value="@integer/google_play_services_version" />
99-->[com.google.android.gms:play-services-basement:11.4.2] AndroidManifest.xml:20:66-119
100    </application>
101
102</manifest>